<?xml version="1.0" encoding="UTF-8"?>
<testng-results ignored="0" total="1" passed="1" failed="0" skipped="0">
  <reporter-output>
  </reporter-output>
  <suite started-at="2023-09-29T20:52:16 IST" name="Default suite" finished-at="2023-09-29T20:55:57 IST" duration-ms="220535">
    <groups>
    </groups>
    <test started-at="2023-09-29T20:52:16 IST" name="Default test" finished-at="2023-09-29T20:55:57 IST" duration-ms="220535">
      <class name="test.Testt">
        <test-method is-config="true" signature="setup()[pri:0, instance:test.Testt@6771beb3]" started-at="2023-09-29T20:52:16 IST" name="setup" finished-at="2023-09-29T20:52:30 IST" duration-ms="13342" status="PASS">
          <reporter-output>
          </reporter-output>
        </test-method> <!-- setup -->
        <test-method is-config="true" signature="url()[pri:0, instance:test.Testt@6771beb3]" started-at="2023-09-29T20:52:30 IST" name="url" finished-at="2023-09-29T20:52:39 IST" duration-ms="9624" status="PASS">
          <reporter-output>
          </reporter-output>
        </test-method> <!-- url -->
        <test-method signature="test1()[pri:0, instance:test.Testt@6771beb3]" started-at="2023-09-29T20:52:39 IST" name="test1" finished-at="2023-09-29T20:55:57 IST" duration-ms="197468" status="PASS">
          <reporter-output>
          </reporter-output>
        </test-method> <!-- test1 -->
      </class> <!-- test.Testt -->
    </test> <!-- Default test -->
  </suite> <!-- Default suite -->
</testng-results>
